[2025/11/23 15:45:57] InitializeDataManager started
[2025/11/23 15:45:57] Project root directory: D:\_Progs\02Business\MoveC\
[2025/11/23 15:45:57] Setting database path: D:\_Progs\02Business\MoveC\MoveC.db
[2025/11/23 15:45:57] Setting up database connection
[2025/11/23 15:45:57] Checking design-time database components:
[2025/11/23 15:45:57]   FDConnection1.Connected: False
[2025/11/23 15:45:57]   FDTable1.Active: False
[2025/11/23 15:45:57]   Database path: D:\_Progs\02Business\MoveC\MoveC.db
[2025/11/23 15:45:57]   FDTable1.TableName: images
[2025/11/23 15:45:57] Attempting to activate database connection
[2025/11/23 15:45:57] Database connection activated successfully
[2025/11/23 15:45:57] Attempting to activate data table
[2025/11/23 15:45:57] Data table activated successfully
[2025/11/23 15:45:57] 开始初始化图像映射数组
[2025/11/23 15:45:57] 验证Image控件分配状态:
[2025/11/23 15:45:57]   imgWechat: True (地址: 000001CD91AF3760)
[2025/11/23 15:45:57]   imgAlipay: True (地址: 000001CD91AF42A0)
[2025/11/23 15:45:57]   imgBTC: True (地址: 000001CD91AF4DE0)
[2025/11/23 15:45:57]   imgUSDT: True (地址: 000001CD91AF5920)
[2025/11/23 15:45:57]   imgAboutMe: True (地址: 000001CD91AF6820)
[2025/11/23 15:45:57] Frame状态检查:
[2025/11/23 15:45:57]   Frame.Parent: True
[2025/11/23 15:45:57]   Frame.Visible: True
[2025/11/23 15:45:57]   Frame.ComponentCount: 28
[2025/11/23 15:45:57] 图像映射数组初始化完成
[2025/11/23 15:45:57] 开始加载和显示图像
[2025/11/23 15:45:57] 处理图像 0: wechat
[2025/11/23 15:45:57] 在数据库中找到记录: wechat
[2025/11/23 15:45:57] 加密数据长度: 33360 bytes
[2025/11/23 15:45:57] 处理图像时异常: wechat - AES decryption failed
[2025/11/23 15:45:57] 处理图像 1: alipay
[2025/11/23 15:45:57] 在数据库中找到记录: alipay
[2025/11/23 15:45:57] 加密数据长度: 14384 bytes
[2025/11/23 15:45:57] 解密数据长度: 14348 bytes
[2025/11/23 15:45:57] 数据库图像加载成功: alipay, 数据大小: 14348 bytes
[2025/11/23 15:45:57] 处理图像 2: btc
[2025/11/23 15:45:57] 在数据库中找到记录: btc
[2025/11/23 15:45:57] 加密数据长度: 5920 bytes
[2025/11/23 15:45:57] 处理图像时异常: btc - AES decryption failed
[2025/11/23 15:45:57] 处理图像 3: usdt
[2025/11/23 15:45:57] 在数据库中找到记录: usdt
[2025/11/23 15:45:57] 加密数据长度: 162944 bytes
[2025/11/23 15:45:57] 处理图像时异常: usdt - AES decryption failed
[2025/11/23 15:45:57] 处理图像 4: aboutme
[2025/11/23 15:45:57] 在数据库中找到记录: aboutme
[2025/11/23 15:45:57] 加密数据长度: 112176 bytes
[2025/11/23 15:45:57] 解密数据长度: 112143 bytes
[2025/11/23 15:45:57] 数据库图像加载成功: aboutme, 数据大小: 112143 bytes
[2025/11/23 15:45:57] 延迟初始化完成
